Using pre-set license
Built from '2020.2/release' branch; Version is '2020.2.2f1 (068178b99f32) revision 426360'; Using compiler version '192528614'; Build Type 'Release'
OS: 'Windows 10 Home; OS build 18363.1379; Version 1909; 64bit' Language: 'en' Physical Memory: 32615 MB
BatchMode: 1, IsHumanControllingUs: 0, StartBugReporterOnCrash: 0, Is64bit: 1, IsPro: 0

 COMMAND LINE ARGUMENTS:
C:\Program Files\Unity\Hub\Editor\2020.2.2f1\Editor\Unity.exe
-adb2
-batchMode
-noUpm
-name
AssetImportWorker0
-projectPath
C:/Users/fullo/OneDrive/Documents/GitHub/New Unity Project (4)
-logFile
Logs/AssetImportWorker0.log
-srvPort
61325
Successfully changed project path to: C:/Users/fullo/OneDrive/Documents/GitHub/New Unity Project (4)
C:/Users/fullo/OneDrive/Documents/GitHub/New Unity Project (4)
Using Asset Import Pipeline V2.
Refreshing native plugins compatible for Editor in 24.01 ms, found 0 plugins.
Preloading 0 native plugins for Editor in 0.00 ms.
Initialize engine version: 2020.2.2f1 (068178b99f32)
[Subsystems] Discovering subsystems at path C:/Program Files/Unity/Hub/Editor/2020.2.2f1/Editor/Data/Resources/UnitySubsystems
[Subsystems] Discovering subsystems at path C:/Users/fullo/OneDrive/Documents/GitHub/New Unity Project (4)/Assets
GfxDevice: creating device client; threaded=0
Direct3D:
    Version:  Direct3D 11.0 [level 11.1]
    Renderer: NVIDIA GeForce GTX 1660 Ti (ID=0x2191)
    Vendor:   
    VRAM:     5991 MB
    Driver:   27.21.14.5730
Initialize mono
Mono path[0] = 'C:/Program Files/Unity/Hub/Editor/2020.2.2f1/Editor/Data/Managed'
Mono path[1] = 'C:/Program Files/Unity/Hub/Editor/2020.2.2f1/Editor/Data/MonoBleedingEdge/lib/mono/unityjit'
Mono config path = 'C:/Program Files/Unity/Hub/Editor/2020.2.2f1/Editor/Data/MonoBleedingEdge/etc'
Using monoOptions --debugger-agent=transport=dt_socket,embedding=1,server=y,suspend=n,address=127.0.0.1:56596
Begin MonoManager ReloadAssembly
Registering precompiled unity dll's ...
Register platform support module: C:/Program Files/Unity/Hub/Editor/2020.2.2f1/Editor/Data/PlaybackEngines/WindowsStandaloneSupport/UnityEditor.WindowsStandalone.Extensions.dll
Registered in 0.001564 seconds.
Native extension for WindowsStandalone target not found
Refreshing native plugins compatible for Editor in 24.99 ms, found 0 plugins.
Preloading 0 native plugins for Editor in 0.00 ms.
Invoked RoslynAnalysisRunner static constructor.
RoslynAnalysisRunner will not be running.
RoslynAnalysisRunner has terminated.
Mono: successfully reloaded assembly
- Completed reload, in  0.998 seconds
Platform modules already initialized, skipping
Registering precompiled user dll's ...
Registered in 0.000669 seconds.
Begin MonoManager ReloadAssembly
Native extension for WindowsStandalone target not found
Refreshing native plugins compatible for Editor in 0.20 ms, found 0 plugins.
Preloading 0 native plugins for Editor in 0.00 ms.
Invoked RoslynAnalysisRunner static constructor.
RoslynAnalysisRunner will not be running.
RoslynAnalysisRunner has terminated.
Mono: successfully reloaded assembly
- Completed reload, in  0.756 seconds
Platform modules already initialized, skipping
========================================================================
Worker process is ready to serve import requests
Launched and connected shader compiler UnityShaderCompiler.exe after 0.06 seconds
Refreshing native plugins compatible for Editor in 0.57 ms, found 0 plugins.
Preloading 0 native plugins for Editor in 0.00 ms.
Unloading 1099 Unused Serialized files (Serialized files now loaded: 0)
System memory in use before: 56.6 MB.
System memory in use after: 56.6 MB.

Unloading 10 unused Assets to reduce memory usage. Loaded Objects now: 1540.
Total: 2.770200 ms (FindLiveObjects: 0.225000 ms CreateObjectMapping: 0.082600 ms MarkObjects: 2.321400 ms  DeleteObjects: 0.136500 ms)

========================================================================
Received Import Request.
  path: Assets
  artifactKey: Guid(00000000000000001000000000000000) Importer(815301076,1909f56bfc062723c751e8b465ee728b)
Start importing Assets using Guid(00000000000000001000000000000000) Importer(815301076,1909f56bfc062723c751e8b465ee728b)  -> (artifact id: '4a6e520b92ccfc61bcfa21a7bcab8468') in 0.013766 seconds
  Import took 0.016726 seconds .

========================================================================
Received Import Request.
  Time since last request: 210.758705 seconds.
  path: Assets/Prefabs
  artifactKey: Guid(ef41f2f71342d9044bcab8b7529fa86b) Importer(815301076,1909f56bfc062723c751e8b465ee728b)
Start importing Assets/Prefabs using Guid(ef41f2f71342d9044bcab8b7529fa86b) Importer(815301076,1909f56bfc062723c751e8b465ee728b)  -> (artifact id: '1cd29e5aaf6d77f6256d272e6f75fb87') in 0.008587 seconds
  Import took 0.010582 seconds .

========================================================================
Received Import Request.
  Time since last request: 0.048887 seconds.
  path: Assets/Prefabs/Knight.prefab
  artifactKey: Guid(06ec16c35cbaebe43aa4c761a8574a24) Importer(815301076,1909f56bfc062723c751e8b465ee728b)
Start importing Assets/Prefabs/Knight.prefab using Guid(06ec16c35cbaebe43aa4c761a8574a24) Importer(815301076,1909f56bfc062723c751e8b465ee728b)  -> (artifact id: '87fead9240c237a6152612f56719e55a') in 0.106897 seconds
  Import took 0.108643 seconds .

========================================================================
Received Import Request.
  Time since last request: 22.599884 seconds.
  path: Assets/Cop-1.controller
  artifactKey: Guid(2281b39a531b52745b27ef0895422420) Importer(815301076,1909f56bfc062723c751e8b465ee728b)
Start importing Assets/Cop-1.controller using Guid(2281b39a531b52745b27ef0895422420) Importer(815301076,1909f56bfc062723c751e8b465ee728b)  -> (artifact id: '16872cb5ea508bbba1922c4533f7f964') in 0.012448 seconds
  Import took 0.014191 seconds .

========================================================================
Received Import Request.
  Time since last request: 5.283821 seconds.
  path: Assets/Sprites
  artifactKey: Guid(63153fb512e66884da07d620ea3891a4) Importer(815301076,1909f56bfc062723c751e8b465ee728b)
Start importing Assets/Sprites using Guid(63153fb512e66884da07d620ea3891a4) Importer(815301076,1909f56bfc062723c751e8b465ee728b)  -> (artifact id: '3945aa076897f61ed2321696471ca98b') in 0.007857 seconds
  Import took 0.009881 seconds .

========================================================================
Received Import Request.
  Time since last request: 0.075163 seconds.
  path: Assets/Sprites/Cop T-Pose-1 1.png
  artifactKey: Guid(8cd5d2abcc379f448a36d85f26ea3bbf) Importer(815301076,1909f56bfc062723c751e8b465ee728b)
Start importing Assets/Sprites/Cop T-Pose-1 1.png using Guid(8cd5d2abcc379f448a36d85f26ea3bbf) Importer(815301076,1909f56bfc062723c751e8b465ee728b)  -> (artifact id: 'c18911887b5271eaa457cb69738113af') in 0.070941 seconds
  Import took 0.072678 seconds .

========================================================================
Received Import Request.
  Time since last request: 0.000276 seconds.
  path: Assets/Sprites/Knight_walk_06 1.png
  artifactKey: Guid(2dc14e08ad8fec64ba7a98f327a6403e) Importer(815301076,1909f56bfc062723c751e8b465ee728b)
Start importing Assets/Sprites/Knight_walk_06 1.png using Guid(2dc14e08ad8fec64ba7a98f327a6403e) Importer(815301076,1909f56bfc062723c751e8b465ee728b)  -> (artifact id: 'aa3f6ab07d306a4b1b85271068743c4e') in 0.016288 seconds
  Import took 0.017879 seconds .

========================================================================
Received Import Request.
  Time since last request: 0.000258 seconds.
  path: Assets/Sprites/Knight_walk_03.png
  artifactKey: Guid(c07359f9c75ea9d4fa7a15245a52fd8c) Importer(815301076,1909f56bfc062723c751e8b465ee728b)
Start importing Assets/Sprites/Knight_walk_03.png using Guid(c07359f9c75ea9d4fa7a15245a52fd8c) Importer(815301076,1909f56bfc062723c751e8b465ee728b)  -> (artifact id: 'fd648ea00edc0c1b853b4d7a506b9c20') in 0.015244 seconds
  Import took 0.017229 seconds .

========================================================================
Received Import Request.
  Time since last request: 0.000277 seconds.
  path: Assets/Sprites/Knight_walk_03 1.png
  artifactKey: Guid(b7e75e8e98f8fd94cae5f2bc34a67048) Importer(815301076,1909f56bfc062723c751e8b465ee728b)
Start importing Assets/Sprites/Knight_walk_03 1.png using Guid(b7e75e8e98f8fd94cae5f2bc34a67048) Importer(815301076,1909f56bfc062723c751e8b465ee728b)  -> (artifact id: 'a061cdb799c294ab9cd19457d9ee58dc') in 0.016938 seconds
  Import took 0.018506 seconds .

========================================================================
Received Import Request.
  Time since last request: 0.000278 seconds.
  path: Assets/Sprites/Knight_walk_02 1.png
  artifactKey: Guid(72ac8906ba572614e9d0d9db9216c4f4) Importer(815301076,1909f56bfc062723c751e8b465ee728b)
Start importing Assets/Sprites/Knight_walk_02 1.png using Guid(72ac8906ba572614e9d0d9db9216c4f4) Importer(815301076,1909f56bfc062723c751e8b465ee728b)  -> (artifact id: '3ec2d1c7b1e2c228ad3cfdfa2c501a0f') in 0.015999 seconds
  Import took 0.017585 seconds .

========================================================================
Received Import Request.
  Time since last request: 0.000239 seconds.
  path: Assets/Sprites/Knight_walk_06.png
  artifactKey: Guid(b462a5afecaa67943b8aaa1d42b7c9a0) Importer(815301076,1909f56bfc062723c751e8b465ee728b)
Start importing Assets/Sprites/Knight_walk_06.png using Guid(b462a5afecaa67943b8aaa1d42b7c9a0) Importer(815301076,1909f56bfc062723c751e8b465ee728b)  -> (artifact id: '75dedab65df9e91c9c42e0a0d4730ad8') in 0.014879 seconds
  Import took 0.016976 seconds .

========================================================================
Received Import Request.
  Time since last request: 0.000262 seconds.
  path: Assets/Sprites/Knight_walk_02 1.png
  artifactKey: Guid(72ac8906ba572614e9d0d9db9216c4f4) Importer(815301076,1909f56bfc062723c751e8b465ee728b)
Start importing Assets/Sprites/Knight_walk_02 1.png using Guid(72ac8906ba572614e9d0d9db9216c4f4) Importer(815301076,1909f56bfc062723c751e8b465ee728b)  -> (artifact id: '3ec2d1c7b1e2c228ad3cfdfa2c501a0f') in 0.009978 seconds
  Import took 0.012775 seconds .

========================================================================
Received Import Request.
  Time since last request: 0.000274 seconds.
  path: Assets/Sprites/Knight_walk_01 1.png
  artifactKey: Guid(d448ce2497234c74882e37294671a077) Importer(815301076,1909f56bfc062723c751e8b465ee728b)
Start importing Assets/Sprites/Knight_walk_01 1.png using Guid(d448ce2497234c74882e37294671a077) Importer(815301076,1909f56bfc062723c751e8b465ee728b)  -> (artifact id: '368e5d35fcfffd004de12a4b0d8bb9c2') in 0.016023 seconds
  Import took 0.017991 seconds .

========================================================================
Received Import Request.
  Time since last request: 0.000325 seconds.
  path: Assets/Sprites/Knight_walk_04 1.png
  artifactKey: Guid(dcdd558753318174581e74764d11011a) Importer(815301076,1909f56bfc062723c751e8b465ee728b)
Start importing Assets/Sprites/Knight_walk_04 1.png using Guid(dcdd558753318174581e74764d11011a) Importer(815301076,1909f56bfc062723c751e8b465ee728b)  -> (artifact id: 'f7577b26bcb6d9863d11e1d7deb33109') in 0.015647 seconds
  Import took 0.017630 seconds .

========================================================================
Received Import Request.
  Time since last request: 0.000552 seconds.
  path: Assets/Sprites/Knight_walk_04.png
  artifactKey: Guid(84cb7e6f30c046944a3987f17aa17904) Importer(815301076,1909f56bfc062723c751e8b465ee728b)
Start importing Assets/Sprites/Knight_walk_04.png using Guid(84cb7e6f30c046944a3987f17aa17904) Importer(815301076,1909f56bfc062723c751e8b465ee728b)  -> (artifact id: '33b6a6daa3b2fa0118c1f590ab724f60') in 0.013937 seconds
  Import took 0.016011 seconds .

========================================================================
Received Import Request.
  Time since last request: 0.000346 seconds.
  path: Assets/Sprites/Knight_walk_05.png
  artifactKey: Guid(7937ae9e4da86ad45a84d1a660a1c04c) Importer(815301076,1909f56bfc062723c751e8b465ee728b)
Start importing Assets/Sprites/Knight_walk_05.png using Guid(7937ae9e4da86ad45a84d1a660a1c04c) Importer(815301076,1909f56bfc062723c751e8b465ee728b)  -> (artifact id: 'a78f49ed1ea56b90fe403b70299187f3') in 0.016033 seconds
  Import took 0.018238 seconds .

========================================================================
Received Import Request.
  Time since last request: 0.000245 seconds.
  path: Assets/Sprites/Knight_walk_01.png
  artifactKey: Guid(dcabad4a119755d42a8f16423e3e8135) Importer(815301076,1909f56bfc062723c751e8b465ee728b)
Start importing Assets/Sprites/Knight_walk_01.png using Guid(dcabad4a119755d42a8f16423e3e8135) Importer(815301076,1909f56bfc062723c751e8b465ee728b)  -> (artifact id: '0d4e37d638ce0dcc142a9985c3377726') in 0.016291 seconds
  Import took 0.018054 seconds .

========================================================================
Received Import Request.
  Time since last request: 0.000212 seconds.
  path: Assets/Sprites/Cop T-Pose-1.png
  artifactKey: Guid(e045aefb37f622b40b78b602d4315d75) Importer(815301076,1909f56bfc062723c751e8b465ee728b)
Start importing Assets/Sprites/Cop T-Pose-1.png using Guid(e045aefb37f622b40b78b602d4315d75) Importer(815301076,1909f56bfc062723c751e8b465ee728b)  -> (artifact id: '9e2335cf9bb2d1561091fc2fa62413a6') in 0.022430 seconds
  Import took 0.024028 seconds .

========================================================================
Received Import Request.
  Time since last request: 0.000270 seconds.
  path: Assets/Sprites/Knight_walk_02.png
  artifactKey: Guid(1b5dc68a07874b640835a7a2326912c3) Importer(815301076,1909f56bfc062723c751e8b465ee728b)
Start importing Assets/Sprites/Knight_walk_02.png using Guid(1b5dc68a07874b640835a7a2326912c3) Importer(815301076,1909f56bfc062723c751e8b465ee728b)  -> (artifact id: '17ffadb39e7bea8c5dae5f1ed6ecd263') in 0.014780 seconds
  Import took 0.016690 seconds .

========================================================================
Received Import Request.
  Time since last request: 0.000259 seconds.
  path: Assets/Sprites/Knight_walk_05 1.png
  artifactKey: Guid(5d56123f24afd5142aef307bc304a77f) Importer(815301076,1909f56bfc062723c751e8b465ee728b)
Start importing Assets/Sprites/Knight_walk_05 1.png using Guid(5d56123f24afd5142aef307bc304a77f) Importer(815301076,1909f56bfc062723c751e8b465ee728b)  -> (artifact id: '6974d1b4f73e4a554c3eb2bace14ef23') in 0.015287 seconds
  Import took 0.017154 seconds .

========================================================================
Received Import Request.
  Time since last request: 276.308045 seconds.
  path: Assets/Sprites/Cop-1.psb
  artifactKey: Guid(cf9538a1cdd60b446a0432a15055e397) Importer(815301076,1909f56bfc062723c751e8b465ee728b)
Start importing Assets/Sprites/Cop-1.psb using Guid(cf9538a1cdd60b446a0432a15055e397) Importer(815301076,1909f56bfc062723c751e8b465ee728b)  -> (artifact id: 'ab5d865f15cf3469e3fb63f6819c91e5') in 0.011943 seconds
  Import took 0.015152 seconds .

========================================================================
Received Import Request.
  Time since last request: 0.291005 seconds.
  path: Assets/Sprites/Cop.controller
  artifactKey: Guid(a593d774b8fb9d6448ed7c30ff23c32a) Importer(815301076,1909f56bfc062723c751e8b465ee728b)
Start importing Assets/Sprites/Cop.controller using Guid(a593d774b8fb9d6448ed7c30ff23c32a) Importer(815301076,1909f56bfc062723c751e8b465ee728b)  -> (artifact id: 'a8b21932c2f56792d34a3cf6d72586b7') in 0.010525 seconds
  Import took 0.012845 seconds .

========================================================================
Received Import Request.
  Time since last request: 0.580082 seconds.
  path: Assets/Sprites/GameObject.controller
  artifactKey: Guid(00a64a48b83d592408449eac39ce878f) Importer(815301076,1909f56bfc062723c751e8b465ee728b)
Start importing Assets/Sprites/GameObject.controller using Guid(00a64a48b83d592408449eac39ce878f) Importer(815301076,1909f56bfc062723c751e8b465ee728b)  -> (artifact id: '2e9d15d5bdf33ab2106365b01d6884ea') in 0.008727 seconds
  Import took 0.010849 seconds .

AssetImportWorkerClient::OnTransportError - code=2 error=End of file
