Using pre-set license
Built from '2020.2/release' branch; Version is '2020.2.2f1 (068178b99f32) revision 426360'; Using compiler version '192528614'; Build Type 'Release'
OS: 'Windows 10 Home; OS build 18363.1379; Version 1909; 64bit' Language: 'en' Physical Memory: 32615 MB
BatchMode: 1, IsHumanControllingUs: 0, StartBugReporterOnCrash: 0, Is64bit: 1, IsPro: 0

 COMMAND LINE ARGUMENTS:
C:\Program Files\Unity\Hub\Editor\2020.2.2f1\Editor\Unity.exe
-adb2
-batchMode
-noUpm
-name
AssetImportWorker0
-projectPath
C:/Users/fullo/OneDrive/Documents/GitHub/New Unity Project (4)
-logFile
Logs/AssetImportWorker0.log
-srvPort
58865
Successfully changed project path to: C:/Users/fullo/OneDrive/Documents/GitHub/New Unity Project (4)
C:/Users/fullo/OneDrive/Documents/GitHub/New Unity Project (4)
Using Asset Import Pipeline V2.
Refreshing native plugins compatible for Editor in 23.42 ms, found 0 plugins.
Preloading 0 native plugins for Editor in 0.00 ms.
Initialize engine version: 2020.2.2f1 (068178b99f32)
[Subsystems] Discovering subsystems at path C:/Program Files/Unity/Hub/Editor/2020.2.2f1/Editor/Data/Resources/UnitySubsystems
[Subsystems] Discovering subsystems at path C:/Users/fullo/OneDrive/Documents/GitHub/New Unity Project (4)/Assets
GfxDevice: creating device client; threaded=0
Direct3D:
    Version:  Direct3D 11.0 [level 11.1]
    Renderer: NVIDIA GeForce GTX 1660 Ti (ID=0x2191)
    Vendor:   
    VRAM:     5991 MB
    Driver:   27.21.14.5730
Initialize mono
Mono path[0] = 'C:/Program Files/Unity/Hub/Editor/2020.2.2f1/Editor/Data/Managed'
Mono path[1] = 'C:/Program Files/Unity/Hub/Editor/2020.2.2f1/Editor/Data/MonoBleedingEdge/lib/mono/unityjit'
Mono config path = 'C:/Program Files/Unity/Hub/Editor/2020.2.2f1/Editor/Data/MonoBleedingEdge/etc'
Using monoOptions --debugger-agent=transport=dt_socket,embedding=1,server=y,suspend=n,address=127.0.0.1:56444
Begin MonoManager ReloadAssembly
Registering precompiled unity dll's ...
Register platform support module: C:/Program Files/Unity/Hub/Editor/2020.2.2f1/Editor/Data/PlaybackEngines/WindowsStandaloneSupport/UnityEditor.WindowsStandalone.Extensions.dll
Registered in 0.001538 seconds.
Native extension for WindowsStandalone target not found
Refreshing native plugins compatible for Editor in 22.32 ms, found 0 plugins.
Preloading 0 native plugins for Editor in 0.00 ms.
Invoked RoslynAnalysisRunner static constructor.
RoslynAnalysisRunner will not be running.
RoslynAnalysisRunner has terminated.
Mono: successfully reloaded assembly
- Completed reload, in  0.940 seconds
Platform modules already initialized, skipping
Registering precompiled user dll's ...
Registered in 0.000601 seconds.
Begin MonoManager ReloadAssembly
Native extension for WindowsStandalone target not found
Refreshing native plugins compatible for Editor in 0.20 ms, found 0 plugins.
Preloading 0 native plugins for Editor in 0.00 ms.
Invoked RoslynAnalysisRunner static constructor.
RoslynAnalysisRunner will not be running.
RoslynAnalysisRunner has terminated.
Mono: successfully reloaded assembly
- Completed reload, in  0.712 seconds
Platform modules already initialized, skipping
========================================================================
Worker process is ready to serve import requests
Launched and connected shader compiler UnityShaderCompiler.exe after 0.04 seconds
Refreshing native plugins compatible for Editor in 0.24 ms, found 0 plugins.
Preloading 0 native plugins for Editor in 0.00 ms.
Unloading 1099 Unused Serialized files (Serialized files now loaded: 0)
System memory in use before: 56.5 MB.
System memory in use after: 56.6 MB.

Unloading 10 unused Assets to reduce memory usage. Loaded Objects now: 1540.
Total: 1.739000 ms (FindLiveObjects: 0.120800 ms CreateObjectMapping: 0.031300 ms MarkObjects: 1.516700 ms  DeleteObjects: 0.069300 ms)

========================================================================
Received Import Request.
  path: Assets/Brackeys
  artifactKey: Guid(7f9110fcfd8a82f49a36b04340a69ee2) Importer(815301076,1909f56bfc062723c751e8b465ee728b)
Start importing Assets/Brackeys using Guid(7f9110fcfd8a82f49a36b04340a69ee2) Importer(815301076,1909f56bfc062723c751e8b465ee728b)  -> (artifact id: '1fe32d33e9c3f2d652fb57ba98b6dd1b') in 0.012750 seconds
  Import took 0.014368 seconds .

========================================================================
Received Import Request.
  Time since last request: 0.000262 seconds.
  path: Assets/Brackeys/2D Mega Pack
  artifactKey: Guid(3f97bd75468a3704282bde6d8dcfaaba) Importer(815301076,1909f56bfc062723c751e8b465ee728b)
Start importing Assets/Brackeys/2D Mega Pack using Guid(3f97bd75468a3704282bde6d8dcfaaba) Importer(815301076,1909f56bfc062723c751e8b465ee728b)  -> (artifact id: '323dd88fa51cf3ecf96596356dfb8ba7') in 0.005615 seconds
  Import took 0.007073 seconds .

========================================================================
Received Import Request.
  Time since last request: 0.684372 seconds.
  path: Assets/Brackeys/2D Mega Pack/Characters
  artifactKey: Guid(d9b6c188ea84ee5449f418bc1623dfa4) Importer(815301076,1909f56bfc062723c751e8b465ee728b)
Start importing Assets/Brackeys/2D Mega Pack/Characters using Guid(d9b6c188ea84ee5449f418bc1623dfa4) Importer(815301076,1909f56bfc062723c751e8b465ee728b)  -> (artifact id: '658f251d55e7378d4cd95e2954ce211b') in 0.006342 seconds
  Import took 0.008164 seconds .

========================================================================
Received Import Request.
  Time since last request: 0.080712 seconds.
  path: Assets/Brackeys/2D Mega Pack/Characters/ArcadePlayer.png
  artifactKey: Guid(b4c6e7d0285655f4a9db7355ab7ea678) Importer(815301076,1909f56bfc062723c751e8b465ee728b)
Start importing Assets/Brackeys/2D Mega Pack/Characters/ArcadePlayer.png using Guid(b4c6e7d0285655f4a9db7355ab7ea678) Importer(815301076,1909f56bfc062723c751e8b465ee728b)  -> (artifact id: '79081591ee4279543fbc8bda00f094d1') in 0.143465 seconds
  Import took 0.145754 seconds .

========================================================================
Received Import Request.
  Time since last request: 0.000314 seconds.
  path: Assets/Brackeys/2D Mega Pack/Characters/Wizard.png
  artifactKey: Guid(c98b9cd543d1a6d448e27babb81798a0) Importer(815301076,1909f56bfc062723c751e8b465ee728b)
Start importing Assets/Brackeys/2D Mega Pack/Characters/Wizard.png using Guid(c98b9cd543d1a6d448e27babb81798a0) Importer(815301076,1909f56bfc062723c751e8b465ee728b)  -> (artifact id: '97ee98f1b9ef0b0ea208c0d8d32e50f9') in 0.023447 seconds
  Import took 0.025041 seconds .

========================================================================
Received Import Request.
  Time since last request: 0.000282 seconds.
  path: Assets/Brackeys/2D Mega Pack/Characters/PongPlayer.png
  artifactKey: Guid(3f5d8b39358f65040ade5d7096bc8085) Importer(815301076,1909f56bfc062723c751e8b465ee728b)
Start importing Assets/Brackeys/2D Mega Pack/Characters/PongPlayer.png using Guid(3f5d8b39358f65040ade5d7096bc8085) Importer(815301076,1909f56bfc062723c751e8b465ee728b)  -> (artifact id: 'c4d753d8dcb3a70d96f002021af0bf43') in 0.018687 seconds
  Import took 0.020263 seconds .

========================================================================
Received Import Request.
  Time since last request: 0.000250 seconds.
  path: Assets/Brackeys/2D Mega Pack/Characters/Astronaut.png
  artifactKey: Guid(a0e7f1167efba544bb8d6e3198ae44f9) Importer(815301076,1909f56bfc062723c751e8b465ee728b)
Start importing Assets/Brackeys/2D Mega Pack/Characters/Astronaut.png using Guid(a0e7f1167efba544bb8d6e3198ae44f9) Importer(815301076,1909f56bfc062723c751e8b465ee728b)  -> (artifact id: '6af17ba15c962197f60884f26bf3f327') in 0.037147 seconds
  Import took 0.039030 seconds .

========================================================================
Received Import Request.
  Time since last request: 0.000250 seconds.
  path: Assets/Brackeys/2D Mega Pack/Characters/Detective.png
  artifactKey: Guid(f776e2e9690501e41a2e5b81ceb440b9) Importer(815301076,1909f56bfc062723c751e8b465ee728b)
Start importing Assets/Brackeys/2D Mega Pack/Characters/Detective.png using Guid(f776e2e9690501e41a2e5b81ceb440b9) Importer(815301076,1909f56bfc062723c751e8b465ee728b)  -> (artifact id: '5b0ee95ca2ea5aa5c457843b85d427f6') in 0.037681 seconds
  Import took 0.039302 seconds .

========================================================================
Received Import Request.
  Time since last request: 0.000269 seconds.
  path: Assets/Brackeys/2D Mega Pack/Characters/MrPeanut.png
  artifactKey: Guid(25dbfbd01b6dc0c49a048b76d7f7368f) Importer(815301076,1909f56bfc062723c751e8b465ee728b)
Start importing Assets/Brackeys/2D Mega Pack/Characters/MrPeanut.png using Guid(25dbfbd01b6dc0c49a048b76d7f7368f) Importer(815301076,1909f56bfc062723c751e8b465ee728b)  -> (artifact id: 'cc8c811b4032ba311a7d21f18f8682d6') in 0.022134 seconds
  Import took 0.023706 seconds .

========================================================================
Received Import Request.
  Time since last request: 0.000262 seconds.
  path: Assets/Brackeys/2D Mega Pack/Characters/MrPickle.png
  artifactKey: Guid(9caa2d1bf58529846b51604707b587f6) Importer(815301076,1909f56bfc062723c751e8b465ee728b)
Start importing Assets/Brackeys/2D Mega Pack/Characters/MrPickle.png using Guid(9caa2d1bf58529846b51604707b587f6) Importer(815301076,1909f56bfc062723c751e8b465ee728b)  -> (artifact id: 'a4a931d46d5a5d86edcf9b93e8a7c53b') in 0.017545 seconds
  Import took 0.019372 seconds .

========================================================================
Received Import Request.
  Time since last request: 0.000219 seconds.
  path: Assets/Brackeys/2D Mega Pack/Characters/Miner.png
  artifactKey: Guid(774fe8dccef69a44d9179e4529aea50c) Importer(815301076,1909f56bfc062723c751e8b465ee728b)
Start importing Assets/Brackeys/2D Mega Pack/Characters/Miner.png using Guid(774fe8dccef69a44d9179e4529aea50c) Importer(815301076,1909f56bfc062723c751e8b465ee728b)  -> (artifact id: '28b175ec324f88af2a873914fc532b80') in 0.017469 seconds
  Import took 0.019493 seconds .

========================================================================
Received Import Request.
  Time since last request: 5.768410 seconds.
  path: Assets/Brackeys/2D Mega Pack/Characters/Animation
  artifactKey: Guid(6048353bbf51de5408e4aeb1b1c4d839) Importer(815301076,1909f56bfc062723c751e8b465ee728b)
Start importing Assets/Brackeys/2D Mega Pack/Characters/Animation using Guid(6048353bbf51de5408e4aeb1b1c4d839) Importer(815301076,1909f56bfc062723c751e8b465ee728b)  -> (artifact id: '0704775257547ef1da986d9dcba39761') in 0.006051 seconds
  Import took 0.008042 seconds .

========================================================================
Received Import Request.
  Time since last request: 0.796912 seconds.
  path: Assets/Brackeys/2D Mega Pack/Characters/Animation/Astronaut
  artifactKey: Guid(f127d8204977aca4fbb1a739033c637e) Importer(815301076,1909f56bfc062723c751e8b465ee728b)
Start importing Assets/Brackeys/2D Mega Pack/Characters/Animation/Astronaut using Guid(f127d8204977aca4fbb1a739033c637e) Importer(815301076,1909f56bfc062723c751e8b465ee728b)  -> (artifact id: 'bf5935f139d941b431ff158be70d4e90') in 0.002989 seconds
  Import took 0.004790 seconds .

========================================================================
Received Import Request.
  Time since last request: 5.336486 seconds.
  path: Assets/Brackeys/2D Mega Pack/Characters/Stickman
  artifactKey: Guid(149ac9786c39a364b928bf0b60e6efb3) Importer(815301076,1909f56bfc062723c751e8b465ee728b)
Start importing Assets/Brackeys/2D Mega Pack/Characters/Stickman using Guid(149ac9786c39a364b928bf0b60e6efb3) Importer(815301076,1909f56bfc062723c751e8b465ee728b)  -> (artifact id: '2043176b4120ed10ba828a2a86ea0d7c') in 0.006767 seconds
  Import took 0.008704 seconds .

========================================================================
Received Import Request.
  Time since last request: 0.057903 seconds.
  path: Assets/Brackeys/2D Mega Pack/Characters/Stickman/Stick_Chest.png
  artifactKey: Guid(9b1dc92ba75b1064ebcd3af579848e1f) Importer(815301076,1909f56bfc062723c751e8b465ee728b)
Start importing Assets/Brackeys/2D Mega Pack/Characters/Stickman/Stick_Chest.png using Guid(9b1dc92ba75b1064ebcd3af579848e1f) Importer(815301076,1909f56bfc062723c751e8b465ee728b)  -> (artifact id: '6dfee3e68b2680ab0be7c5191765bb3d') in 0.025096 seconds
  Import took 0.026781 seconds .

========================================================================
Received Import Request.
  Time since last request: 0.000281 seconds.
  path: Assets/Brackeys/2D Mega Pack/Characters/Stickman/Stick_Head.png
  artifactKey: Guid(bb9dc33af8cec2a499646621219565dc) Importer(815301076,1909f56bfc062723c751e8b465ee728b)
Start importing Assets/Brackeys/2D Mega Pack/Characters/Stickman/Stick_Head.png using Guid(bb9dc33af8cec2a499646621219565dc) Importer(815301076,1909f56bfc062723c751e8b465ee728b)  -> (artifact id: '7c651ca973b4e3d36eda9d475f43554a') in 0.017158 seconds
  Import took 0.018863 seconds .

========================================================================
Received Import Request.
  Time since last request: 0.000367 seconds.
  path: Assets/Brackeys/2D Mega Pack/Characters/Stickman/Stick_Limb.png
  artifactKey: Guid(f34bece99f09dad4e8002e10e7eb9a88) Importer(815301076,1909f56bfc062723c751e8b465ee728b)
Start importing Assets/Brackeys/2D Mega Pack/Characters/Stickman/Stick_Limb.png using Guid(f34bece99f09dad4e8002e10e7eb9a88) Importer(815301076,1909f56bfc062723c751e8b465ee728b)  -> (artifact id: '8b496f79609ed47ebc25e7c9cfaedc36') in 0.020828 seconds
  Import took 0.022548 seconds .

========================================================================
Received Import Request.
  Time since last request: 0.004408 seconds.
  path: Assets/Brackeys/2D Mega Pack/Characters/Stickman/Stick_Limb.png
  artifactKey: Guid(f34bece99f09dad4e8002e10e7eb9a88) Importer(815301076,1909f56bfc062723c751e8b465ee728b)
Start importing Assets/Brackeys/2D Mega Pack/Characters/Stickman/Stick_Limb.png using Guid(f34bece99f09dad4e8002e10e7eb9a88) Importer(815301076,1909f56bfc062723c751e8b465ee728b)  -> (artifact id: '8b496f79609ed47ebc25e7c9cfaedc36') in 0.009458 seconds
  Import took 0.011184 seconds .

========================================================================
Received Import Request.
  Time since last request: 1.288567 seconds.
  path: Assets/Brackeys/2D Mega Pack/Characters/Fantasy/Brute.png
  artifactKey: Guid(8192c590fb896e8478742bc3423292c3) Importer(815301076,1909f56bfc062723c751e8b465ee728b)
Start importing Assets/Brackeys/2D Mega Pack/Characters/Fantasy/Brute.png using Guid(8192c590fb896e8478742bc3423292c3) Importer(815301076,1909f56bfc062723c751e8b465ee728b)  -> (artifact id: '6c4fc385f4de67c7d4eab3fa384c607e') in 0.017312 seconds
  Import took 0.019042 seconds .

========================================================================
Received Import Request.
  Time since last request: 0.000241 seconds.
  path: Assets/Brackeys/2D Mega Pack/Characters/Fantasy/Commoner.png
  artifactKey: Guid(4ae49494a73ff584099f601cb159abba) Importer(815301076,1909f56bfc062723c751e8b465ee728b)
Start importing Assets/Brackeys/2D Mega Pack/Characters/Fantasy/Commoner.png using Guid(4ae49494a73ff584099f601cb159abba) Importer(815301076,1909f56bfc062723c751e8b465ee728b)  -> (artifact id: 'd4ec563165cfd57c2511f09140b358af') in 0.015847 seconds
  Import took 0.017482 seconds .

========================================================================
Received Import Request.
  Time since last request: 0.000228 seconds.
  path: Assets/Brackeys/2D Mega Pack/Characters/Fantasy/Dragon.png
  artifactKey: Guid(4574f971d70a83c41ade6083ada1035a) Importer(815301076,1909f56bfc062723c751e8b465ee728b)
Start importing Assets/Brackeys/2D Mega Pack/Characters/Fantasy/Dragon.png using Guid(4574f971d70a83c41ade6083ada1035a) Importer(815301076,1909f56bfc062723c751e8b465ee728b)  -> (artifact id: 'ece60738e6dd06355d4a7a13be28fec5') in 0.018744 seconds
  Import took 0.022040 seconds .

========================================================================
Received Import Request.
  Time since last request: 0.000322 seconds.
  path: Assets/Brackeys/2D Mega Pack/Characters/Fantasy/Princess.png
  artifactKey: Guid(48cd8048939cc274dae16a9493829244) Importer(815301076,1909f56bfc062723c751e8b465ee728b)
Start importing Assets/Brackeys/2D Mega Pack/Characters/Fantasy/Princess.png using Guid(48cd8048939cc274dae16a9493829244) Importer(815301076,1909f56bfc062723c751e8b465ee728b)  -> (artifact id: '84a8a66df5dba7b40b8acb334bdef017') in 0.017241 seconds
  Import took 0.019015 seconds .

========================================================================
Received Import Request.
  Time since last request: 0.000296 seconds.
  path: Assets/Brackeys/2D Mega Pack/Characters/Fantasy/DarkWizard.png
  artifactKey: Guid(31b17986fa5b13f4f9b7403589287a19) Importer(815301076,1909f56bfc062723c751e8b465ee728b)
Start importing Assets/Brackeys/2D Mega Pack/Characters/Fantasy/DarkWizard.png using Guid(31b17986fa5b13f4f9b7403589287a19) Importer(815301076,1909f56bfc062723c751e8b465ee728b)  -> (artifact id: 'af7db38c1c53a76c886f8aafa8761735') in 0.018719 seconds
  Import took 0.020853 seconds .

========================================================================
Received Import Request.
  Time since last request: 0.000278 seconds.
  path: Assets/Brackeys/2D Mega Pack/Characters/Fantasy/Troll.png
  artifactKey: Guid(07f23995d5720bd4d9cd266799cef6fb) Importer(815301076,1909f56bfc062723c751e8b465ee728b)
Start importing Assets/Brackeys/2D Mega Pack/Characters/Fantasy/Troll.png using Guid(07f23995d5720bd4d9cd266799cef6fb) Importer(815301076,1909f56bfc062723c751e8b465ee728b)  -> (artifact id: '94680c5805c2716a2736cd34e8d35352') in 0.017308 seconds
  Import took 0.019411 seconds .

========================================================================
Received Import Request.
  Time since last request: 0.000233 seconds.
  path: Assets/Brackeys/2D Mega Pack/Characters/Fantasy/DarkWizard.png
  artifactKey: Guid(31b17986fa5b13f4f9b7403589287a19) Importer(815301076,1909f56bfc062723c751e8b465ee728b)
Start importing Assets/Brackeys/2D Mega Pack/Characters/Fantasy/DarkWizard.png using Guid(31b17986fa5b13f4f9b7403589287a19) Importer(815301076,1909f56bfc062723c751e8b465ee728b)  -> (artifact id: 'af7db38c1c53a76c886f8aafa8761735') in 0.010303 seconds
  Import took 0.011952 seconds .

========================================================================
Received Import Request.
  Time since last request: 0.000255 seconds.
  path: Assets/Brackeys/2D Mega Pack/Characters/Fantasy/LightWizard.png
  artifactKey: Guid(4836c09be31426e49b52ea966be0a3c8) Importer(815301076,1909f56bfc062723c751e8b465ee728b)
Start importing Assets/Brackeys/2D Mega Pack/Characters/Fantasy/LightWizard.png using Guid(4836c09be31426e49b52ea966be0a3c8) Importer(815301076,1909f56bfc062723c751e8b465ee728b)  -> (artifact id: 'e7faa79f4673b522a697ae4f6c514adc') in 0.017416 seconds
  Import took 0.019034 seconds .

========================================================================
Received Import Request.
  Time since last request: 2.220794 seconds.
  path: Assets/Brackeys/2D Mega Pack/Backgrounds/ArcadeGreyBackground.png
  artifactKey: Guid(730c911464148054487bb3efd7ef0d07) Importer(815301076,1909f56bfc062723c751e8b465ee728b)
Start importing Assets/Brackeys/2D Mega Pack/Backgrounds/ArcadeGreyBackground.png using Guid(730c911464148054487bb3efd7ef0d07) Importer(815301076,1909f56bfc062723c751e8b465ee728b)  -> (artifact id: 'a05b5914e34204b80142d317a816c20f') in 0.027633 seconds
  Import took 0.029381 seconds .

========================================================================
Received Import Request.
  Time since last request: 0.000278 seconds.
  path: Assets/Brackeys/2D Mega Pack/Backgrounds/DarkBackground.png
  artifactKey: Guid(50d72038d4682bd408a711176db21098) Importer(815301076,1909f56bfc062723c751e8b465ee728b)
Start importing Assets/Brackeys/2D Mega Pack/Backgrounds/DarkBackground.png using Guid(50d72038d4682bd408a711176db21098) Importer(815301076,1909f56bfc062723c751e8b465ee728b)  -> (artifact id: '164c7bdde09c395fb83b2faa9b667a29') in 0.043119 seconds
  Import took 0.044683 seconds .

========================================================================
Received Import Request.
  Time since last request: 0.000383 seconds.
  path: Assets/Brackeys/2D Mega Pack/Backgrounds/SkyBackground.png
  artifactKey: Guid(bb7547187a9980a4694d9a520186d028) Importer(815301076,1909f56bfc062723c751e8b465ee728b)
Start importing Assets/Brackeys/2D Mega Pack/Backgrounds/SkyBackground.png using Guid(bb7547187a9980a4694d9a520186d028) Importer(815301076,1909f56bfc062723c751e8b465ee728b)  -> (artifact id: '4e27893d5d47373ccac5efbcc5c1c60c') in 0.023004 seconds
  Import took 0.024537 seconds .

========================================================================
Received Import Request.
  Time since last request: 0.000339 seconds.
  path: Assets/Brackeys/2D Mega Pack/Backgrounds/BlueBackground.png
  artifactKey: Guid(10ebe7a8e14363545946d5a92ac0bcb0) Importer(815301076,1909f56bfc062723c751e8b465ee728b)
Start importing Assets/Brackeys/2D Mega Pack/Backgrounds/BlueBackground.png using Guid(10ebe7a8e14363545946d5a92ac0bcb0) Importer(815301076,1909f56bfc062723c751e8b465ee728b)  -> (artifact id: '6f9dbd06ec3e99d27aeb9b82da66f9fa') in 0.030805 seconds
  Import took 0.032364 seconds .

========================================================================
Received Import Request.
  Time since last request: 0.000261 seconds.
  path: Assets/Brackeys/2D Mega Pack/Backgrounds/FieldBackground.png
  artifactKey: Guid(816d352463058f7488a74e1e59af50f1) Importer(815301076,1909f56bfc062723c751e8b465ee728b)
Start importing Assets/Brackeys/2D Mega Pack/Backgrounds/FieldBackground.png using Guid(816d352463058f7488a74e1e59af50f1) Importer(815301076,1909f56bfc062723c751e8b465ee728b)  -> (artifact id: '56452ea373ffc48be6172bb0391562f5') in 0.019164 seconds
  Import took 0.020753 seconds .

========================================================================
Received Import Request.
  Time since last request: 0.000249 seconds.
  path: Assets/Brackeys/2D Mega Pack/Backgrounds/GreenBackground.png
  artifactKey: Guid(79dfa877bf28eca4e9f85bd1cadf6202) Importer(815301076,1909f56bfc062723c751e8b465ee728b)
Start importing Assets/Brackeys/2D Mega Pack/Backgrounds/GreenBackground.png using Guid(79dfa877bf28eca4e9f85bd1cadf6202) Importer(815301076,1909f56bfc062723c751e8b465ee728b)  -> (artifact id: '17695086a44b9b034a84cd3577a0a20a') in 0.018451 seconds
  Import took 0.020691 seconds .

========================================================================
Received Import Request.
  Time since last request: 0.000216 seconds.
  path: Assets/Brackeys/2D Mega Pack/Backgrounds/BrickBackground.png
  artifactKey: Guid(fdfb3796a96b09f45b7ed20555d95926) Importer(815301076,1909f56bfc062723c751e8b465ee728b)
Start importing Assets/Brackeys/2D Mega Pack/Backgrounds/BrickBackground.png using Guid(fdfb3796a96b09f45b7ed20555d95926) Importer(815301076,1909f56bfc062723c751e8b465ee728b)  -> (artifact id: '553d45c68025ed822042f51c922c25d9') in 0.021190 seconds
  Import took 0.022771 seconds .

========================================================================
Received Import Request.
  Time since last request: 0.000266 seconds.
  path: Assets/Brackeys/2D Mega Pack/Backgrounds/DustyBackground.png
  artifactKey: Guid(921dcff1d0da9eb409b4b461084190e2) Importer(815301076,1909f56bfc062723c751e8b465ee728b)
Start importing Assets/Brackeys/2D Mega Pack/Backgrounds/DustyBackground.png using Guid(921dcff1d0da9eb409b4b461084190e2) Importer(815301076,1909f56bfc062723c751e8b465ee728b)  -> (artifact id: '722f2689ea6b16521bf4130d82e68c4c') in 0.020017 seconds
  Import took 0.021701 seconds .

========================================================================
Received Import Request.
  Time since last request: 0.001867 seconds.
  path: Assets/Brackeys/2D Mega Pack/Backgrounds/DustyBackground.png
  artifactKey: Guid(921dcff1d0da9eb409b4b461084190e2) Importer(815301076,1909f56bfc062723c751e8b465ee728b)
Start importing Assets/Brackeys/2D Mega Pack/Backgrounds/DustyBackground.png using Guid(921dcff1d0da9eb409b4b461084190e2) Importer(815301076,1909f56bfc062723c751e8b465ee728b)  -> (artifact id: '722f2689ea6b16521bf4130d82e68c4c') in 0.014965 seconds
  Import took 0.016671 seconds .

========================================================================
Received Import Request.
  Time since last request: 12.241542 seconds.
  path: Assets/Brackeys/2D Mega Pack/Characters/Fantasy
  artifactKey: Guid(34dd4a04fcabe9c4a952c91f62b6bbc0) Importer(815301076,1909f56bfc062723c751e8b465ee728b)
Start importing Assets/Brackeys/2D Mega Pack/Characters/Fantasy using Guid(34dd4a04fcabe9c4a952c91f62b6bbc0) Importer(815301076,1909f56bfc062723c751e8b465ee728b)  -> (artifact id: 'a5024ecdc5f59416b566ea1deda8e830') in 0.006699 seconds
  Import took 0.008787 seconds .

========================================================================
Received Import Request.
  Time since last request: 39.193959 seconds.
  path: Assets/Brackeys/2D Mega Pack/Characters/Animation/Detective/Detective_Skeleton.overrideController
  artifactKey: Guid(a287e73abbf59654d926ab06a6f7d2cb) Importer(815301076,1909f56bfc062723c751e8b465ee728b)
Start importing Assets/Brackeys/2D Mega Pack/Characters/Animation/Detective/Detective_Skeleton.overrideController using Guid(a287e73abbf59654d926ab06a6f7d2cb) Importer(815301076,1909f56bfc062723c751e8b465ee728b)  -> (artifact id: '189d64c8435a41fd3c69f55df31ca7f4') in 0.015163 seconds
  Import took 0.017268 seconds .

========================================================================
Received Import Request.
  Time since last request: 33.130186 seconds.
  path: Assets/Brackeys/2D Mega Pack/Characters/Blob Players/BlobPlayer_Blue.png
  artifactKey: Guid(ecd359c045351424082d2ba03ec132df) Importer(815301076,1909f56bfc062723c751e8b465ee728b)
Start importing Assets/Brackeys/2D Mega Pack/Characters/Blob Players/BlobPlayer_Blue.png using Guid(ecd359c045351424082d2ba03ec132df) Importer(815301076,1909f56bfc062723c751e8b465ee728b)  -> (artifact id: 'd9f652d7262f0354de1bc09502ab483a') in 0.037752 seconds
  Import took 0.039971 seconds .

========================================================================
Received Import Request.
  Time since last request: 0.000202 seconds.
  path: Assets/Brackeys/2D Mega Pack/Characters/Blob Players/BlobPlayer_Pink.png
  artifactKey: Guid(addd2af175d074643a3b1f29f6c23041) Importer(815301076,1909f56bfc062723c751e8b465ee728b)
Start importing Assets/Brackeys/2D Mega Pack/Characters/Blob Players/BlobPlayer_Pink.png using Guid(addd2af175d074643a3b1f29f6c23041) Importer(815301076,1909f56bfc062723c751e8b465ee728b)  -> (artifact id: 'e18a309cbd3a0976548e70c87a3ecb6e') in 0.042640 seconds
  Import took 0.044656 seconds .

========================================================================
Received Import Request.
  Time since last request: 8.620260 seconds.
  path: Assets/Brackeys/2D Mega Pack/Characters/Soldiers/Soldiers.png
  artifactKey: Guid(2164a1816f29acf45ad76327ffa671c7) Importer(815301076,1909f56bfc062723c751e8b465ee728b)
Start importing Assets/Brackeys/2D Mega Pack/Characters/Soldiers/Soldiers.png using Guid(2164a1816f29acf45ad76327ffa671c7) Importer(815301076,1909f56bfc062723c751e8b465ee728b)  -> (artifact id: '8838ad416229ee908f37f51134d3babc') in 0.035729 seconds
  Import took 0.037526 seconds .

========================================================================
Received Import Request.
  Time since last request: 0.000276 seconds.
  path: Assets/Brackeys/2D Mega Pack/Characters/Soldiers/SoldiersFront.png
  artifactKey: Guid(db4367b3d41bdbb418fa7bdeea71e49e) Importer(815301076,1909f56bfc062723c751e8b465ee728b)
Start importing Assets/Brackeys/2D Mega Pack/Characters/Soldiers/SoldiersFront.png using Guid(db4367b3d41bdbb418fa7bdeea71e49e) Importer(815301076,1909f56bfc062723c751e8b465ee728b)  -> (artifact id: '1a5d0ef63d462f69e1431f1c05389bac') in 0.017329 seconds
  Import took 0.019312 seconds .

========================================================================
Received Import Request.
  Time since last request: 2.276514 seconds.
  path: Assets/Brackeys/2D Mega Pack/Characters/Soldiers/Animation
  artifactKey: Guid(61a59daf18bb2ba47bfccad394124506) Importer(815301076,1909f56bfc062723c751e8b465ee728b)
Start importing Assets/Brackeys/2D Mega Pack/Characters/Soldiers/Animation using Guid(61a59daf18bb2ba47bfccad394124506) Importer(815301076,1909f56bfc062723c751e8b465ee728b)  -> (artifact id: 'de313031616dc8e8486eb9c61fbdba3c') in 0.002485 seconds
  Import took 0.004133 seconds .

========================================================================
Received Import Request.
  Time since last request: 0.000685 seconds.
  path: Assets/Brackeys/2D Mega Pack/Characters/Soldiers/Animation
  artifactKey: Guid(61a59daf18bb2ba47bfccad394124506) Importer(815301076,1909f56bfc062723c751e8b465ee728b)
Start importing Assets/Brackeys/2D Mega Pack/Characters/Soldiers/Animation using Guid(61a59daf18bb2ba47bfccad394124506) Importer(815301076,1909f56bfc062723c751e8b465ee728b)  -> (artifact id: 'de313031616dc8e8486eb9c61fbdba3c') in 0.003501 seconds
  Import took 0.005104 seconds .

========================================================================
Received Import Request.
  Time since last request: 2.097885 seconds.
  path: Assets/Brackeys/2D Mega Pack/Characters/Soldiers/Animation/Character1
  artifactKey: Guid(98c115b3188020c409ff12271868718c) Importer(815301076,1909f56bfc062723c751e8b465ee728b)
Start importing Assets/Brackeys/2D Mega Pack/Characters/Soldiers/Animation/Character1 using Guid(98c115b3188020c409ff12271868718c) Importer(815301076,1909f56bfc062723c751e8b465ee728b)  -> (artifact id: 'f4d0a209bccefd673c8fc97fc76f49c4') in 0.007002 seconds
  Import took 0.008694 seconds .

========================================================================
Received Import Request.
  Time since last request: 11.737234 seconds.
  path: Assets/Brackeys/2D Mega Pack/Enemies/AlienSpaceship.png
  artifactKey: Guid(a8166ea434d337349818825bff42d2f6) Importer(815301076,1909f56bfc062723c751e8b465ee728b)
Start importing Assets/Brackeys/2D Mega Pack/Enemies/AlienSpaceship.png using Guid(a8166ea434d337349818825bff42d2f6) Importer(815301076,1909f56bfc062723c751e8b465ee728b)  -> (artifact id: 'fc99dfa93b6b088242b26564887b3fd8') in 0.016121 seconds
  Import took 0.017868 seconds .

========================================================================
Received Import Request.
  Time since last request: 0.000269 seconds.
  path: Assets/Brackeys/2D Mega Pack/Enemies/Canon.png
  artifactKey: Guid(8bfadec067237c04ab16144f6847e733) Importer(815301076,1909f56bfc062723c751e8b465ee728b)
Start importing Assets/Brackeys/2D Mega Pack/Enemies/Canon.png using Guid(8bfadec067237c04ab16144f6847e733) Importer(815301076,1909f56bfc062723c751e8b465ee728b)  -> (artifact id: 'bf5e97d6586bddbe756eb148ccc71321') in 0.016001 seconds
  Import took 0.017653 seconds .

========================================================================
Received Import Request.
  Time since last request: 0.000276 seconds.
  path: Assets/Brackeys/2D Mega Pack/Enemies/Bullet.png
  artifactKey: Guid(9a397e83c4c3c994c988babb654f2b5d) Importer(815301076,1909f56bfc062723c751e8b465ee728b)
Start importing Assets/Brackeys/2D Mega Pack/Enemies/Bullet.png using Guid(9a397e83c4c3c994c988babb654f2b5d) Importer(815301076,1909f56bfc062723c751e8b465ee728b)  -> (artifact id: '1d2bd86076212d9fa248f5b076299484') in 0.018765 seconds
  Import took 0.020527 seconds .

========================================================================
Received Import Request.
  Time since last request: 0.000279 seconds.
  path: Assets/Brackeys/2D Mega Pack/Enemies/Crow.png
  artifactKey: Guid(7ed863ccbdc96f0438cc78a3c684e3e0) Importer(815301076,1909f56bfc062723c751e8b465ee728b)
Start importing Assets/Brackeys/2D Mega Pack/Enemies/Crow.png using Guid(7ed863ccbdc96f0438cc78a3c684e3e0) Importer(815301076,1909f56bfc062723c751e8b465ee728b)  -> (artifact id: '460b46d3400018369ec491cbce8097b1') in 0.017271 seconds
  Import took 0.019630 seconds .

========================================================================
Received Import Request.
  Time since last request: 0.000259 seconds.
  path: Assets/Brackeys/2D Mega Pack/Enemies/Bullet.png
  artifactKey: Guid(9a397e83c4c3c994c988babb654f2b5d) Importer(815301076,1909f56bfc062723c751e8b465ee728b)
Start importing Assets/Brackeys/2D Mega Pack/Enemies/Bullet.png using Guid(9a397e83c4c3c994c988babb654f2b5d) Importer(815301076,1909f56bfc062723c751e8b465ee728b)  -> (artifact id: '1d2bd86076212d9fa248f5b076299484') in 0.012461 seconds
  Import took 0.014365 seconds .

========================================================================
Received Import Request.
  Time since last request: 0.000277 seconds.
  path: Assets/Brackeys/2D Mega Pack/Enemies/SpikyBall.png
  artifactKey: Guid(a2d68081d156f704bb974b65c4ba11c6) Importer(815301076,1909f56bfc062723c751e8b465ee728b)
Start importing Assets/Brackeys/2D Mega Pack/Enemies/SpikyBall.png using Guid(a2d68081d156f704bb974b65c4ba11c6) Importer(815301076,1909f56bfc062723c751e8b465ee728b)  -> (artifact id: 'b6a397c3abe3a8da3844a91984113078') in 0.018561 seconds
  Import took 0.020390 seconds .

AssetImportWorkerClient::OnTransportError - code=2 error=End of file
